<?xml version="1.0" encoding="UTF-8"?>
<!-- Generated by org.testng.reporters.JUnitReportReporter -->
<testsuite hostname="DESKTOP-Q57OJ1B" name="test.sampleTest" tests="4" failures="0" timestamp="5 Aug 2018 01:57:12 GMT" time="117.855" errors="0">
  <testcase name="openWindow" time="21.985" classname="test.sampleTest"/>
  <testcase name="openWindow" time="41.508" classname="test.sampleTest"/>
  <testcase name="openWindow" time="13.013" classname="test.sampleTest"/>
  <testcase name="openWindow" time="41.349" classname="test.sampleTest"/>
</testsuite> <!-- test.sampleTest -->
