<?xml version="1.0" encoding="UTF-8"?>
<!-- Generated by org.testng.reporters.JUnitReportReporter -->
<testsuite hostname="DESKTOP-Q57OJ1B" name="test.TestNGGroups" tests="1" failures="0" timestamp="5 Aug 2018 03:04:25 GMT" time="10.522" errors="0">
  <testcase name="test2" time="10.522" classname="test.TestNGGroups"/>
</testsuite> <!-- test.TestNGGroups -->
