<?xml version="1.0" encoding="UTF-8"?>
<!-- Generated by org.testng.reporters.JUnitReportReporter -->
<testsuite hostname="DESKTOP-Q57OJ1B" name="test.OrderTestNgAnnotation" tests="2" failures="0" timestamp="5 Aug 2018 02:53:32 GMT" time="0.007" errors="0">
  <testcase name="test1" time="0.001" classname="test.OrderTestNgAnnotation"/>
  <testcase name="test" time="0.006" classname="test.OrderTestNgAnnotation"/>
</testsuite> <!-- test.OrderTestNgAnnotation -->
