<?xml version="1.0" encoding="UTF-8"?>
<!-- Generated by org.testng.reporters.JUnitReportReporter -->
<testsuite hostname="DESKTOP-Q57OJ1B" name="test.DataProviderTest" tests="2" failures="0" timestamp="5 Aug 2018 02:37:40 GMT" time="22.754" errors="0">
  <testcase name="login" time="11.737" classname="test.DataProviderTest"/>
  <testcase name="login" time="11.017" classname="test.DataProviderTest"/>
</testsuite> <!-- test.DataProviderTest -->
